/bin/bash: /home/ec2-user/rtf_git/master/retofarm1.0/envsts.sh: Permission denied
ERROR 1064 (42000) at line 1: You have an error in your SQL syntax; check the manual that corresponds to your MariaDB server version for the right syntax to use near 'as svy_num,
'',
'',
'1100',
'110',
1,
'',
'',
'',
now(),
'',
'',
now())' at line 22
ERROR 1064 (42000) at line 1: You have an error in your SQL syntax; check the manual that corresponds to your MariaDB server version for the right syntax to use near 'as svy_num,
'',
'',
'1100',
'110',
1,
'',
'',
'',
now(),
'',
'',
now())' at line 22
ERROR 1064 (42000) at line 1: You have an error in your SQL syntax; check the manual that corresponds to your MariaDB server version for the right syntax to use near 'as svy_num,
'',
'',
'1100',
'110',
1,
'',
'',
'',
now(),
'',
'',
now())' at line 22
